<?xml version="1.0" encoding="UTF-8"?>
<!-- Generated by org.testng.reporters.JUnitXMLReporter -->
<testsuite hostname="XEN-525" name="suiteSpectrumBusiness" tests="3" failures="0" timestamp="8 Jan 2016 16:40:54 GMT" time="72.118" errors="0">
  <testcase name="testcaseSbNonAutomated" time="25.515" classname="com.charter.suiteSpectrumBusiness.TestCase_SbNonAutomated"/>
  <testcase name="testcaseSbNonAutomated" time="32.886" classname="com.charter.suiteSpectrumBusiness.TestCase_SbNonAutomated"/>
  <testcase name="testcaseSbNonAutomated" time="13.565" classname="com.charter.suiteSpectrumBusiness.TestCase_SbNonAutomated"/>
</testsuite> <!-- suiteSpectrumBusiness -->
