<?xml version="1.0" encoding="UTF-8"?>
<!-- Generated by org.testng.reporters.JUnitXMLReporter -->
<testsuite hostname="XEN-525" name="suiteCharterCom" tests="4" failures="0" timestamp="8 Jan 2016 16:39:41 GMT" time="0.36" errors="0">
  <testcase name="testcaseComNonAutomated" time="0.031" classname="com.charter.suiteCharterCom.TestCase_ComNonAutomated">
    <skipped/>
  </testcase> <!-- testcaseComNonAutomated -->
  <testcase name="testcaseComNonAutomated" time="0.0" classname="com.charter.suiteCharterCom.TestCase_ComNonAutomated">
    <skipped/>
  </testcase> <!-- testcaseComNonAutomated -->
  <testcase name="testcaseComNonAutomated" time="0.0" classname="com.charter.suiteCharterCom.TestCase_ComNonAutomated">
    <skipped/>
  </testcase> <!-- testcaseComNonAutomated -->
  <testcase name="testcaseComNonAutomated" time="0.0" classname="com.charter.suiteCharterCom.TestCase_ComNonAutomated">
    <skipped/>
  </testcase> <!-- testcaseComNonAutomated -->
</testsuite> <!-- suiteCharterCom -->
