<?xml version="1.0" encoding="UTF-8"?>
<!-- Generated by org.testng.reporters.JUnitXMLReporter -->
<testsuite hostname="XEN-525" name="lfo7nLFO" tests="1" failures="0" timestamp="29 Mar 2016 14:03:08 GMT" time="0.0" errors="0">
  <testcase name="@BeforeSuite checkSuiteSkip" time="0.0" classname="com.charter.suiteLP.TestCase_lfo7nLFO">
    <skipped/>
  </testcase> <!-- @BeforeSuite checkSuiteSkip -->
  <testcase name="@BeforeTest checkTestSkip" time="0.0" classname="com.charter.suiteLP.TestCase_lfo7nLFO">
    <skipped/>
  </testcase> <!-- @BeforeTest checkTestSkip -->
  <testcase name="@AfterMethod reportDataSetResult" time="0.0" classname="com.charter.suiteLP.TestCase_lfo7nLFO">
    <skipped/>
  </testcase> <!-- @AfterMethod reportDataSetResult -->
  <testcase name="@AfterTest reportTestResult" time="0.0" classname="com.charter.suiteLP.TestCase_lfo7nLFO">
    <skipped/>
  </testcase> <!-- @AfterTest reportTestResult -->
  <testcase name="testcaselfo7nLFO" time="0.0" classname="com.charter.suiteLP.TestCase_lfo7nLFO">
    <skipped/>
  </testcase> <!-- testcaselfo7nLFO -->
</testsuite> <!-- lfo7nLFO -->
