<?xml version="1.0" encoding="UTF-8"?>
<!-- Generated by org.testng.reporters.JUnitXMLReporter -->
<testsuite hostname="XEN-525" name="lfo9nLFO" tests="1" failures="0" timestamp="29 Mar 2016 14:03:08 GMT" time="0.094" errors="0">
  <testcase name="@BeforeTest checkTestSkip" time="0.0" classname="com.charter.suiteLP.TestCase_lfo9nLFO">
    <skipped/>
  </testcase> <!-- @BeforeTest checkTestSkip -->
  <testcase name="@AfterMethod reportDataSetResult" time="0.0" classname="com.charter.suiteLP.TestCase_lfo9nLFO">
    <skipped/>
  </testcase> <!-- @AfterMethod reportDataSetResult -->
  <testcase name="@AfterTest reportTestResult" time="0.0" classname="com.charter.suiteLP.TestCase_lfo9nLFO">
    <skipped/>
  </testcase> <!-- @AfterTest reportTestResult -->
  <testcase name="testcaselfo9nLFO" time="0.0" classname="com.charter.suiteLP.TestCase_lfo9nLFO">
    <skipped/>
  </testcase> <!-- testcaselfo9nLFO -->
</testsuite> <!-- lfo9nLFO -->
