<?xml version="1.0" encoding="UTF-8"?>
<!-- Generated by org.testng.reporters.JUnitXMLReporter -->
<testsuite hostname="XEN-525" name="TriplePlay" tests="1" failures="1" timestamp="4 Apr 2016 14:48:31 GMT" time="61.521" errors="0">
  <testcase name="testcaseTriplePlay" time="61.258" classname="com.charter.suiteLP.TestCase_TriplePlay">
    <failure type="java.lang.Exception" message=" Stoping the script....!!!!">
      <![CDATA[java.lang.Exception:  Stoping the script....!!!!
	at com.charter.base.TestBase.click(TestBase.java:283)
	at com.charter.suiteLP.TestCase_TriplePlay.testcaseTriplePlay(TestCase_TriplePlay.java:62)
... Removed 25 stack frames]]>
    </failure>
  </testcase> <!-- testcaseTriplePlay -->
</testsuite> <!-- TriplePlay -->
