<?xml version="1.0" encoding="UTF-8"?>
<!-- Generated by org.testng.reporters.JUnitXMLReporter -->
<testsuite hostname="XEN-1004" name="CheckBrokenLink" tests="1" failures="1" timestamp="13 Apr 2016 17:48:18 GMT" time="27.91" errors="0">
  <testcase name="CheckBrokenLink" time="27.307" classname="com.charter.miscellaneous.TestCase_CheckBrokenLink">
    <failure type="java.lang.Exception" message=" Tag is not present in HTML....!!!!">
      <![CDATA[java.lang.Exception:  Tag is not present in HTML....!!!!
	at com.charter.base.TestBase.verifyTagInHTML(TestBase.java:799)
	at com.charter.miscellaneous.TestCase_CheckBrokenLink.CheckBrokenLink(TestCase_CheckBrokenLink.java:56)
... Removed 25 stack frames]]>
    </failure>
  </testcase> <!-- CheckBrokenLink -->
</testsuite> <!-- CheckBrokenLink -->
