<?xml version="1.0" encoding="UTF-8"?>
<!-- Generated by org.testng.reporters.JUnitXMLReporter -->
<testsuite hostname="XEN-525" name="lfo7nLFO" tests="5" failures="0" timestamp="29 Mar 2016 14:57:51 GMT" time="69.683" errors="0">
  <testcase name="mobilelfo7nLFO" time="69.433" classname="com.charter.mobile.TestCase_lfo7nLFO"/>
  <testcase name="mobilelfo7nLFO" time="0.016" classname="com.charter.mobile.TestCase_lfo7nLFO">
    <skipped/>
  </testcase> <!-- mobilelfo7nLFO -->
  <testcase name="mobilelfo7nLFO" time="0.0" classname="com.charter.mobile.TestCase_lfo7nLFO">
    <skipped/>
  </testcase> <!-- mobilelfo7nLFO -->
  <testcase name="mobilelfo7nLFO" time="0.0" classname="com.charter.mobile.TestCase_lfo7nLFO">
    <skipped/>
  </testcase> <!-- mobilelfo7nLFO -->
  <testcase name="mobilelfo7nLFO" time="0.0" classname="com.charter.mobile.TestCase_lfo7nLFO">
    <skipped/>
  </testcase> <!-- mobilelfo7nLFO -->
</testsuite> <!-- lfo7nLFO -->
