<?xml version="1.0" encoding="UTF-8"?>
<!-- Generated by org.testng.reporters.JUnitXMLReporter -->
<testsuite hostname="XEN-1004" name="Mobile_PlatChicRes" tests="5" failures="0" timestamp="14 Apr 2016 15:46:56 GMT" time="134.844" errors="0">
  <testcase name="mobilePlatChicRes" time="23.419" classname="com.charter.mobile.TestCase_PlatChicRes"/>
  <testcase name="mobilePlatChicRes" time="23.378" classname="com.charter.mobile.TestCase_PlatChicRes"/>
  <testcase name="mobilePlatChicRes" time="28.482" classname="com.charter.mobile.TestCase_PlatChicRes"/>
  <testcase name="mobilePlatChicRes" time="27.079" classname="com.charter.mobile.TestCase_PlatChicRes"/>
  <testcase name="mobilePlatChicRes" time="32.241" classname="com.charter.mobile.TestCase_PlatChicRes"/>
</testsuite> <!-- Mobile_PlatChicRes -->
