<?xml version="1.0" encoding="UTF-8"?>
<!-- Generated by org.testng.reporters.JUnitXMLReporter -->
<testsuite hostname="XEN-1004" name="Mobile-LFO9n" tests="5" failures="0" timestamp="24 Jul 2016 21:16:14 GMT" time="241.165" errors="0">
  <testcase name="lfo9n (Samsung Galaxy S5)" time="46.001" classname="com.charter.mobile.TestCase_lfo9nLFO"/>
  <testcase name="lfo9n (iphone 5)" time="46.813" classname="com.charter.mobile.TestCase_lfo9nLFO"/>
  <testcase name="lfo9n (iphone 6)" time="48.962" classname="com.charter.mobile.TestCase_lfo9nLFO"/>
  <testcase name="lfo9n (Samsung Galaxy Tab 2)" time="49.805" classname="com.charter.mobile.TestCase_lfo9nLFO"/>
  <testcase name="lfo9n (ipad)" time="49.205" classname="com.charter.mobile.TestCase_lfo9nLFO"/>
</testsuite> <!-- Mobile-LFO9n -->
