<?xml version="1.0" encoding="UTF-8"?>
<!-- Generated by org.testng.reporters.JUnitXMLReporter -->
<testsuite hostname="XEN-525" name="Mobile_AntiSat" tests="5" failures="5" timestamp="28 Mar 2016 18:59:11 GMT" time="120.459" errors="0">
  <testcase name="mobileAntiSat" time="24.011" classname="com.charter.mobile.TestCase_AntiSat">
    <failure type="java.lang.Exception" message=" Stoping the script....!!!!">
      <![CDATA[java.lang.Exception:  Stoping the script....!!!!
	at com.charter.base.TestBase.input(TestBase.java:352)
	at com.charter.mobile.TestCase_AntiSat.mobileAntiSat(TestCase_AntiSat.java:52)
... Removed 25 stack frames]]>
    </failure>
  </testcase> <!-- mobileAntiSat -->
  <testcase name="mobileAntiSat" time="23.594" classname="com.charter.mobile.TestCase_AntiSat">
    <failure type="java.lang.Exception" message=" Stoping the script....!!!!">
      <![CDATA[java.lang.Exception:  Stoping the script....!!!!
	at com.charter.base.TestBase.input(TestBase.java:352)
	at com.charter.mobile.TestCase_AntiSat.mobileAntiSat(TestCase_AntiSat.java:52)
... Removed 25 stack frames]]>
    </failure>
  </testcase> <!-- mobileAntiSat -->
  <testcase name="mobileAntiSat" time="24.157" classname="com.charter.mobile.TestCase_AntiSat">
    <failure type="java.lang.Exception" message=" Stoping the script....!!!!">
      <![CDATA[java.lang.Exception:  Stoping the script....!!!!
	at com.charter.base.TestBase.input(TestBase.java:352)
	at com.charter.mobile.TestCase_AntiSat.mobileAntiSat(TestCase_AntiSat.java:52)
... Removed 25 stack frames]]>
    </failure>
  </testcase> <!-- mobileAntiSat -->
  <testcase name="mobileAntiSat" time="22.51" classname="com.charter.mobile.TestCase_AntiSat">
    <failure type="java.lang.Exception" message=" Stoping the script....!!!!">
      <![CDATA[java.lang.Exception:  Stoping the script....!!!!
	at com.charter.base.TestBase.input(TestBase.java:352)
	at com.charter.mobile.TestCase_AntiSat.mobileAntiSat(TestCase_AntiSat.java:52)
... Removed 25 stack frames]]>
    </failure>
  </testcase> <!-- mobileAntiSat -->
  <testcase name="mobileAntiSat" time="25.905" classname="com.charter.mobile.TestCase_AntiSat">
    <failure type="java.lang.Exception" message=" Stoping the script....!!!!">
      <![CDATA[java.lang.Exception:  Stoping the script....!!!!
	at com.charter.base.TestBase.input(TestBase.java:352)
	at com.charter.mobile.TestCase_AntiSat.mobileAntiSat(TestCase_AntiSat.java:52)
... Removed 25 stack frames]]>
    </failure>
  </testcase> <!-- mobileAntiSat -->
</testsuite> <!-- Mobile_AntiSat -->
