<?xml version="1.0" encoding="UTF-8"?>
<!-- Generated by org.testng.reporters.JUnitXMLReporter -->
<testsuite hostname="XEN-1004" name="Mobile-SPInternet" tests="5" failures="0" timestamp="24 Jul 2016 20:48:27 GMT" time="220.163" errors="0">
  <testcase name="SPInternet (Samsung Galaxy S5)" time="46.794" classname="com.charter.mobile.TestCase_SPInternet"/>
  <testcase name="SPInternet (iphone 5)" time="39.489" classname="com.charter.mobile.TestCase_SPInternet"/>
  <testcase name="SPInternet (iphone 6)" time="45.788" classname="com.charter.mobile.TestCase_SPInternet"/>
  <testcase name="SPInternet (Samsung Galaxy Tab 2)" time="43.723" classname="com.charter.mobile.TestCase_SPInternet"/>
  <testcase name="SPInternet (ipad)" time="44.01" classname="com.charter.mobile.TestCase_SPInternet"/>
</testsuite> <!-- Mobile-SPInternet -->
