<?xml version="1.0" encoding="UTF-8"?>
<!-- Generated by org.testng.reporters.JUnitXMLReporter -->
<testsuite hostname="XEN-525" name="Mobile_PlatChicInt" tests="5" failures="0" timestamp="29 Mar 2016 14:54:23 GMT" time="60.418" errors="0">
  <testcase name="mobilePlatChicInt" time="0.0" classname="com.charter.mobile.TestCase_PlatChicInt">
    <skipped/>
  </testcase> <!-- mobilePlatChicInt -->
  <testcase name="mobilePlatChicInt" time="0.0" classname="com.charter.mobile.TestCase_PlatChicInt">
    <skipped/>
  </testcase> <!-- mobilePlatChicInt -->
  <testcase name="mobilePlatChicInt" time="60.137" classname="com.charter.mobile.TestCase_PlatChicInt"/>
  <testcase name="mobilePlatChicInt" time="0.0" classname="com.charter.mobile.TestCase_PlatChicInt">
    <skipped/>
  </testcase> <!-- mobilePlatChicInt -->
  <testcase name="mobilePlatChicInt" time="0.0" classname="com.charter.mobile.TestCase_PlatChicInt">
    <skipped/>
  </testcase> <!-- mobilePlatChicInt -->
</testsuite> <!-- Mobile_PlatChicInt -->
