<?xml version="1.0" encoding="UTF-8"?>
<!-- Generated by org.testng.reporters.JUnitXMLReporter -->
<testsuite hostname="XEN-1004" name="Mobile-TriplePlay" tests="5" failures="0" timestamp="24 Jul 2016 20:44:46 GMT" time="229.866" errors="0">
  <testcase name="TriplePlay (Samsung Galaxy S5)" time="46.178" classname="com.charter.mobile.TestCase_TriplePlay"/>
  <testcase name="TriplePlay (iphone 5)" time="46.228" classname="com.charter.mobile.TestCase_TriplePlay"/>
  <testcase name="TriplePlay (iphone 6)" time="43.076" classname="com.charter.mobile.TestCase_TriplePlay"/>
  <testcase name="TriplePlay (Samsung Galaxy Tab 2)" time="46.22" classname="com.charter.mobile.TestCase_TriplePlay"/>
  <testcase name="TriplePlay (ipad)" time="47.892" classname="com.charter.mobile.TestCase_TriplePlay"/>
</testsuite> <!-- Mobile-TriplePlay -->
