<?xml version="1.0" encoding="UTF-8"?>
<!-- Generated by org.testng.reporters.JUnitXMLReporter -->
<testsuite hostname="XEN-1004" name="Mobile_TriplePlay" tests="5" failures="0" timestamp="14 Apr 2016 15:27:32 GMT" time="891.413" errors="0">
  <testcase name="mobileTriplePlay" time="30.966" classname="com.charter.mobile.TestCase_TriplePlay"/>
  <testcase name="mobileTriplePlay" time="435.688" classname="com.charter.mobile.TestCase_TriplePlay"/>
  <testcase name="mobileTriplePlay" time="94.871" classname="com.charter.mobile.TestCase_TriplePlay"/>
  <testcase name="mobileTriplePlay" time="220.966" classname="com.charter.mobile.TestCase_TriplePlay"/>
  <testcase name="mobileTriplePlay" time="108.066" classname="com.charter.mobile.TestCase_TriplePlay"/>
</testsuite> <!-- Mobile_TriplePlay -->
