<?xml version="1.0" encoding="UTF-8"?>
<!-- Generated by org.testng.reporters.JUnitXMLReporter -->
<testsuite hostname="XEN-525" name="Mobile_SPI100Mb" tests="5" failures="0" timestamp="29 Mar 2016 14:51:38 GMT" time="30.854" errors="0">
  <testcase name="mobileSPI100Mb" time="0.0" classname="com.charter.mobile.TestCase_SPI100Mb">
    <skipped/>
  </testcase> <!-- mobileSPI100Mb -->
  <testcase name="mobileSPI100Mb" time="0.0" classname="com.charter.mobile.TestCase_SPI100Mb">
    <skipped/>
  </testcase> <!-- mobileSPI100Mb -->
  <testcase name="mobileSPI100Mb" time="0.0" classname="com.charter.mobile.TestCase_SPI100Mb">
    <skipped/>
  </testcase> <!-- mobileSPI100Mb -->
  <testcase name="mobileSPI100Mb" time="0.0" classname="com.charter.mobile.TestCase_SPI100Mb">
    <skipped/>
  </testcase> <!-- mobileSPI100Mb -->
  <testcase name="mobileSPI100Mb" time="30.573" classname="com.charter.mobile.TestCase_SPI100Mb"/>
</testsuite> <!-- Mobile_SPI100Mb -->
