<?xml version="1.0" encoding="UTF-8"?>
<!-- Generated by org.testng.reporters.JUnitXMLReporter -->
<testsuite hostname="XEN-1004" name="Mobile_SPInternet" tests="5" failures="0" timestamp="14 Apr 2016 15:44:41 GMT" time="1028.798" errors="0">
  <testcase name="mobileSPInternet" time="60.518" classname="com.charter.mobile.TestCase_SPInternet"/>
  <testcase name="mobileSPInternet" time="651.783" classname="com.charter.mobile.TestCase_SPInternet"/>
  <testcase name="mobileSPInternet" time="266.52" classname="com.charter.mobile.TestCase_SPInternet"/>
  <testcase name="mobileSPInternet" time="23.757" classname="com.charter.mobile.TestCase_SPInternet"/>
  <testcase name="mobileSPInternet" time="25.847" classname="com.charter.mobile.TestCase_SPInternet"/>
</testsuite> <!-- Mobile_SPInternet -->
