<?xml version="1.0" encoding="UTF-8"?>
<!-- Generated by org.testng.reporters.JUnitXMLReporter -->
<testsuite hostname="XEN-1004" name="Mobile-LFO8n" tests="5" failures="0" timestamp="24 Jul 2016 21:12:13 GMT" time="220.777" errors="0">
  <testcase name="lfo8n (Samsung Galaxy S5)" time="43.229" classname="com.charter.mobile.TestCase_lfo8nLFO"/>
  <testcase name="lfo8n (iphone 5)" time="45.644" classname="com.charter.mobile.TestCase_lfo8nLFO"/>
  <testcase name="lfo8n (iphone 6)" time="46.732" classname="com.charter.mobile.TestCase_lfo8nLFO"/>
  <testcase name="lfo8n (Samsung Galaxy Tab 2)" time="43.213" classname="com.charter.mobile.TestCase_lfo8nLFO"/>
  <testcase name="lfo8n (ipad)" time="41.644" classname="com.charter.mobile.TestCase_lfo8nLFO"/>
</testsuite> <!-- Mobile-LFO8n -->
