<?xml version="1.0" encoding="UTF-8"?>
<!-- Generated by org.testng.reporters.JUnitXMLReporter -->
<testsuite hostname="XEN-525" name="Mobile_lfo8nLFO" tests="5" failures="0" timestamp="29 Mar 2016 14:56:42 GMT" time="61.906" errors="0">
  <testcase name="mobilelfo8nLFO" time="0.0" classname="com.charter.mobile.TestCase_lfo8nLFO">
    <skipped/>
  </testcase> <!-- mobilelfo8nLFO -->
  <testcase name="mobilelfo8nLFO" time="0.0" classname="com.charter.mobile.TestCase_lfo8nLFO">
    <skipped/>
  </testcase> <!-- mobilelfo8nLFO -->
  <testcase name="mobilelfo8nLFO" time="0.0" classname="com.charter.mobile.TestCase_lfo8nLFO">
    <skipped/>
  </testcase> <!-- mobilelfo8nLFO -->
  <testcase name="mobilelfo8nLFO" time="61.626" classname="com.charter.mobile.TestCase_lfo8nLFO"/>
  <testcase name="mobilelfo8nLFO" time="0.0" classname="com.charter.mobile.TestCase_lfo8nLFO">
    <skipped/>
  </testcase> <!-- mobilelfo8nLFO -->
</testsuite> <!-- Mobile_lfo8nLFO -->
