<?xml version="1.0" encoding="UTF-8"?>
<!-- Generated by org.testng.reporters.JUnitXMLReporter -->
<testsuite hostname="XEN-525" name="Mobile_TP100Mb" tests="5" failures="0" timestamp="29 Mar 2016 14:53:23 GMT" time="105.126" errors="0">
  <testcase name="mobileTP100Mb" time="0.0" classname="com.charter.mobile.TestCase_TP100Mb">
    <skipped/>
  </testcase> <!-- mobileTP100Mb -->
  <testcase name="mobileTP100Mb" time="0.0" classname="com.charter.mobile.TestCase_TP100Mb">
    <skipped/>
  </testcase> <!-- mobileTP100Mb -->
  <testcase name="mobileTP100Mb" time="0.0" classname="com.charter.mobile.TestCase_TP100Mb">
    <skipped/>
  </testcase> <!-- mobileTP100Mb -->
  <testcase name="mobileTP100Mb" time="104.845" classname="com.charter.mobile.TestCase_TP100Mb"/>
  <testcase name="mobileTP100Mb" time="0.0" classname="com.charter.mobile.TestCase_TP100Mb">
    <skipped/>
  </testcase> <!-- mobileTP100Mb -->
</testsuite> <!-- Mobile_TP100Mb -->
