<?xml version="1.0" encoding="UTF-8"?>
<!-- Generated by org.testng.reporters.JUnitXMLReporter -->
<testsuite hostname="XEN-1004" name="Mobile-PlatChicInt" tests="5" failures="0" timestamp="24 Jul 2016 21:04:56 GMT" time="264.172" errors="0">
  <testcase name="PlatChicInt (Samsung Galaxy S5)" time="46.585" classname="com.charter.mobile.TestCase_PlatChicInt"/>
  <testcase name="PlatChicInt (iphone 5)" time="73.832" classname="com.charter.mobile.TestCase_PlatChicInt"/>
  <testcase name="PlatChicInt (iphone 6)" time="46.601" classname="com.charter.mobile.TestCase_PlatChicInt"/>
  <testcase name="PlatChicInt (Samsung Galaxy Tab 2)" time="46.451" classname="com.charter.mobile.TestCase_PlatChicInt"/>
  <testcase name="PlatChicInt (ipad)" time="50.457" classname="com.charter.mobile.TestCase_PlatChicInt"/>
</testsuite> <!-- Mobile-PlatChicInt -->
