<?xml version="1.0" encoding="UTF-8"?>
<!-- Generated by org.testng.reporters.JUnitXMLReporter -->
<testsuite hostname="XEN-1004" name="Mobile-LFO7n" tests="5" failures="0" timestamp="24 Jul 2016 21:08:32 GMT" time="216.236" errors="0">
  <testcase name="lfo7n (Samsung Galaxy S5)" time="44.376" classname="com.charter.mobile.TestCase_lfo7nLFO"/>
  <testcase name="lfo7n (iphone 5)" time="45.888" classname="com.charter.mobile.TestCase_lfo7nLFO"/>
  <testcase name="lfo7n (iphone 6)" time="44.471" classname="com.charter.mobile.TestCase_lfo7nLFO"/>
  <testcase name="lfo7n (Samsung Galaxy Tab 2)" time="40.383" classname="com.charter.mobile.TestCase_lfo7nLFO"/>
  <testcase name="lfo7n (ipad)" time="40.838" classname="com.charter.mobile.TestCase_lfo7nLFO"/>
</testsuite> <!-- Mobile-LFO7n -->
