<?xml version="1.0" encoding="UTF-8"?>
<!-- Generated by org.testng.reporters.JUnitXMLReporter -->
<testsuite hostname="XEN-1004" name="Mobile-PlatChicRes" tests="5" failures="0" timestamp="24 Jul 2016 20:52:49 GMT" time="262.29" errors="0">
  <testcase name="PlatChicRes (Samsung Galaxy S5)" time="49.561" classname="com.charter.mobile.TestCase_PlatChicRes"/>
  <testcase name="PlatChicRes (iphone 5)" time="54.178" classname="com.charter.mobile.TestCase_PlatChicRes"/>
  <testcase name="PlatChicRes (iphone 6)" time="50.034" classname="com.charter.mobile.TestCase_PlatChicRes"/>
  <testcase name="PlatChicRes (Samsung Galaxy Tab 2)" time="60.931" classname="com.charter.mobile.TestCase_PlatChicRes"/>
  <testcase name="PlatChicRes (ipad)" time="47.178" classname="com.charter.mobile.TestCase_PlatChicRes"/>
</testsuite> <!-- Mobile-PlatChicRes -->
