<?xml version="1.0" encoding="UTF-8"?>
<!-- Generated by org.testng.reporters.JUnitXMLReporter -->
<testsuite hostname="XEN-525" name="Mobile_lfo9nLFO" tests="5" failures="0" timestamp="29 Mar 2016 14:55:40 GMT" time="76.406" errors="0">
  <testcase name="mobilelfo9nLFO" time="0.0" classname="com.charter.mobile.TestCase_lfo9nLFO">
    <skipped/>
  </testcase> <!-- mobilelfo9nLFO -->
  <testcase name="mobilelfo9nLFO" time="0.0" classname="com.charter.mobile.TestCase_lfo9nLFO">
    <skipped/>
  </testcase> <!-- mobilelfo9nLFO -->
  <testcase name="mobilelfo9nLFO" time="0.0" classname="com.charter.mobile.TestCase_lfo9nLFO">
    <skipped/>
  </testcase> <!-- mobilelfo9nLFO -->
  <testcase name="mobilelfo9nLFO" time="76.126" classname="com.charter.mobile.TestCase_lfo9nLFO"/>
  <testcase name="mobilelfo9nLFO" time="0.0" classname="com.charter.mobile.TestCase_lfo9nLFO">
    <skipped/>
  </testcase> <!-- mobilelfo9nLFO -->
</testsuite> <!-- Mobile_lfo9nLFO -->
