<?xml version="1.0" encoding="UTF-8"?>
<!-- Generated by org.testng.reporters.JUnitXMLReporter -->
<testsuite hostname="XEN-1004" name="Mobile-TP100Mb" tests="5" failures="0" timestamp="24 Jul 2016 21:00:32 GMT" time="234.278" errors="0">
  <testcase name="TP100Mb (Samsung Galaxy S5)" time="45.782" classname="com.charter.mobile.TestCase_TP100Mb"/>
  <testcase name="TP100Mb (iphone 5)" time="42.028" classname="com.charter.mobile.TestCase_TP100Mb"/>
  <testcase name="TP100Mb (iphone 6)" time="48.054" classname="com.charter.mobile.TestCase_TP100Mb"/>
  <testcase name="TP100Mb (Samsung Galaxy Tab 2)" time="49.204" classname="com.charter.mobile.TestCase_TP100Mb"/>
  <testcase name="TP100Mb (ipad)" time="48.926" classname="com.charter.mobile.TestCase_TP100Mb"/>
</testsuite> <!-- Mobile-TP100Mb -->
