<?xml version="1.0" encoding="UTF-8"?>
<!-- Generated by org.testng.reporters.JUnitXMLReporter -->
<testsuite hostname="XEN-1004" name="Mobile-SPI100Mb" tests="5" failures="0" timestamp="24 Jul 2016 20:56:37 GMT" time="228.308" errors="0">
  <testcase name="SPI100Mb (Samsung Galaxy S5)" time="44.41" classname="com.charter.mobile.TestCase_SPI100Mb"/>
  <testcase name="SPI100Mb (iphone 5)" time="47.582" classname="com.charter.mobile.TestCase_SPI100Mb"/>
  <testcase name="SPI100Mb (iphone 6)" time="44.151" classname="com.charter.mobile.TestCase_SPI100Mb"/>
  <testcase name="SPI100Mb (Samsung Galaxy Tab 2)" time="43.477" classname="com.charter.mobile.TestCase_SPI100Mb"/>
  <testcase name="SPI100Mb (ipad)" time="48.401" classname="com.charter.mobile.TestCase_SPI100Mb"/>
</testsuite> <!-- Mobile-SPI100Mb -->
