<?xml version="1.0" encoding="UTF-8"?>
<!-- Generated by org.testng.reporters.JUnitXMLReporter -->
<testsuite hostname="XEN-1004" name="Business Affiliates" tests="7" failures="0" timestamp="24 Jul 2016 20:31:51 GMT" time="1311.519" errors="0">
  <testcase name="nonAutomatedBuyFlow (https://shop.business.spectrum.com/content/localization?v=SBDM )" time="237.822" classname="com.charter.Affiliates.Business"/>
  <testcase name="nonAutomatedBuyFlow (https://shop.business.spectrum.com/content/localization?v=SBDIS )" time="181.008" classname="com.charter.Affiliates.Business"/>
  <testcase name="nonAutomatedBuyFlow (https://shop.business.spectrum.com/content/localization?v=SBEmail )" time="180.027" classname="com.charter.Affiliates.Business"/>
  <testcase name="nonAutomatedBuyFlow (https://shop.business.spectrum.com/content/localization?v=SBFSI )" time="173.893" classname="com.charter.Affiliates.Business"/>
  <testcase name="nonAutomatedBuyFlow (https://shop.business.spectrum.com/content/localization?v=SBST )" time="173.349" classname="com.charter.Affiliates.Business"/>
  <testcase name="nonAutomatedBuyFlow (https://shop.business.spectrum.com/content/localization?v=SBSHAREDMAIL )" time="172.578" classname="com.charter.Affiliates.Business"/>
  <testcase name="nonAutomatedBuyFlow (https://shop.business.spectrum.com/content/localization?v=SBSocial)" time="192.343" classname="com.charter.Affiliates.Business"/>
</testsuite> <!-- Business Affiliates -->
