<?xml version="1.0" encoding="UTF-8"?>
<!-- Generated by org.testng.reporters.JUnitXMLReporter -->
<testsuite hostname="XEN-1004" name="Business" tests="12" failures="0" timestamp="4 May 2016 18:51:31 GMT" time="0.286" errors="0">
  <testcase name="@AfterMethod reportDataSetResult" time="0.0" classname="com.charter.Affiliates.Business">
    <failure type="org.apache.poi.openxml4j.exceptions.OpenXML4JRuntimeException" message="Fail to save: an error occurs while saving the package : The part /docProps/app.xml fail to be saved in the stream with marshaller org.apache.poi.openxml4j.opc.internal.marshallers.DefaultMarshaller@5177e388">
      <![CDATA[org.apache.poi.openxml4j.exceptions.OpenXML4JRuntimeException: Fail to save: an error occurs while saving the package : The part /docProps/app.xml fail to be saved in the stream with marshaller org.apache.poi.openxml4j.opc.internal.marshallers.DefaultMarshaller@5177e388
	at org.apache.poi.openxml4j.opc.ZipPackage.saveImpl(ZipPackage.java:503)
	at org.apache.poi.openxml4j.opc.OPCPackage.save(OPCPackage.java:1441)
	at org.apache.poi.POIXMLDocument.write(POIXMLDocument.java:212)
	at com.charter.Affiliates.Business.reportDataSetResult(Business.java:218)
Caused by: org.apache.poi.openxml4j.exceptions.OpenXML4JException: The part /docProps/app.xml fail to be saved in the stream with marshaller org.apache.poi.openxml4j.opc.internal.marshallers.DefaultMarshaller@5177e388
	at org.apache.poi.openxml4j.opc.ZipPackage.saveImpl(ZipPackage.java:494)
	... 30 more
... Removed 27 stack frames]]>
    </failure>
  </testcase> <!-- @AfterMethod reportDataSetResult -->
  <testcase name="@AfterMethod reportDataSetResult" time="0.0" classname="com.charter.Affiliates.Business">
    <skipped/>
  </testcase> <!-- @AfterMethod reportDataSetResult -->
  <testcase name="@AfterMethod reportDataSetResult" time="0.0" classname="com.charter.Affiliates.Business">
    <skipped/>
  </testcase> <!-- @AfterMethod reportDataSetResult -->
  <testcase name="@AfterMethod reportDataSetResult" time="0.0" classname="com.charter.Affiliates.Business">
    <skipped/>
  </testcase> <!-- @AfterMethod reportDataSetResult -->
  <testcase name="@AfterMethod reportDataSetResult" time="0.0" classname="com.charter.Affiliates.Business">
    <skipped/>
  </testcase> <!-- @AfterMethod reportDataSetResult -->
  <testcase name="@AfterTest reportTestResult" time="0.0" classname="com.charter.Affiliates.Business">
    <skipped/>
  </testcase> <!-- @AfterTest reportTestResult -->
  <testcase name="nonAutomatedBuyFlow (https://shop.business.spectrum.com/content/localization?v=SBDM )" time="0.0" classname="com.charter.Affiliates.Business"/>
  <testcase name="nonAutomatedBuyFlow (https://shop.business.spectrum.com/content/localization?v=SBDIS )" time="0.0" classname="com.charter.Affiliates.Business"/>
  <testcase name="nonAutomatedBuyFlow (https://shop.business.spectrum.com/content/localization?v=SBEmail )" time="0.002" classname="com.charter.Affiliates.Business"/>
  <testcase name="nonAutomatedBuyFlow (https://shop.business.spectrum.com/content/localization?v=SBFSI )" time="0.002" classname="com.charter.Affiliates.Business"/>
  <testcase name="nonAutomatedBuyFlow (https://shop.business.spectrum.com/content/localization?v=SBST )" time="0.001" classname="com.charter.Affiliates.Business"/>
  <testcase name="nonAutomatedBuyFlow (https://shop.business.spectrum.com/content/localization?v=SBSHAREDMAIL )" time="0.002" classname="com.charter.Affiliates.Business"/>
  <testcase name="nonAutomatedBuyFlow (https://shop.business.spectrum.com/content/localization?v=SBSocial)" time="0.0" classname="com.charter.Affiliates.Business"/>
  <testcase name="nonAutomatedBuyFlow ()" time="0.001" classname="com.charter.Affiliates.Business">
    <skipped/>
  </testcase> <!-- nonAutomatedBuyFlow () -->
  <testcase name="nonAutomatedBuyFlow ()" time="0.001" classname="com.charter.Affiliates.Business">
    <skipped/>
  </testcase> <!-- nonAutomatedBuyFlow () -->
  <testcase name="nonAutomatedBuyFlow ()" time="0.0" classname="com.charter.Affiliates.Business">
    <skipped/>
  </testcase> <!-- nonAutomatedBuyFlow () -->
  <testcase name="nonAutomatedBuyFlow ()" time="0.001" classname="com.charter.Affiliates.Business">
    <skipped/>
  </testcase> <!-- nonAutomatedBuyFlow () -->
  <testcase name="nonAutomatedBuyFlow ()" time="0.001" classname="com.charter.Affiliates.Business">
    <skipped/>
  </testcase> <!-- nonAutomatedBuyFlow () -->
</testsuite> <!-- Business -->
