<?xml version="1.0" encoding="UTF-8"?>
<!-- Generated by org.testng.reporters.JUnitXMLReporter -->
<testsuite hostname="XEN-1004" name="Residential Affiliates" tests="10" failures="3" timestamp="29 Jul 2016 20:07:56 GMT" time="1969.589" errors="0">
  <testcase name="nonAutomatedBuyFlow (https://shop.charter.com/buyflow/buyflow-localization?v=accaf  )" time="339.683" classname="com.charter.Affiliates.Residential"/>
  <testcase name="nonAutomatedBuyFlow (https://shop.charter.com/buyflow/buyflow-localization?v=ACOAF  )" time="191.374" classname="com.charter.Affiliates.Residential"/>
  <testcase name="nonAutomatedBuyFlow (https://shop.charter.com/buyflow/buyflow-localization?v=DGSAF)" time="184.625" classname="com.charter.Affiliates.Residential"/>
  <testcase name="nonAutomatedBuyFlow (https://shop.charter.com/buyflow/buyflow-localization?v=LFOAF  )" time="207.176" classname="com.charter.Affiliates.Residential"/>
  <testcase name="nonAutomatedBuyFlow (https://shop.charter.com/buyflow/buyflow-localization?v=SVGAF)" time="201.97" classname="com.charter.Affiliates.Residential"/>
  <testcase name="nonAutomatedBuyFlow (https://shop.charter.com/buyflow/buyflow-localization?v=acc)" time="186.882" classname="com.charter.Affiliates.Residential"/>
  <testcase name="nonAutomatedBuyFlow (https://shop.charter.com/buyflow/buyflow-localization?v=ACO  )" time="130.382" classname="com.charter.Affiliates.Residential">
    <failure type="java.lang.Exception" message=" Not able to Scroll Page....!!!!">
      <![CDATA[java.lang.Exception:  Not able to Scroll Page....!!!!
	at com.charter.base.TestBase.handleCustomizationResi(TestBase.java:1095)
	at com.charter.Affiliates.Residential.nonAutomatedBuyFlow(Residential.java:162)
... Removed 25 stack frames]]>
    </failure>
  </testcase> <!-- nonAutomatedBuyFlow (https://shop.charter.com/buyflow/buyflow-localization?v=ACO  ) -->
  <testcase name="nonAutomatedBuyFlow (https://shop.charter.com/buyflow/buyflow-localization?v=DGS)" time="121.821" classname="com.charter.Affiliates.Residential">
    <failure type="java.lang.Exception" message=" Stoping the script....!!!!">
      <![CDATA[java.lang.Exception:  Stoping the script....!!!!
	at com.charter.base.TestBase.choosePackage(TestBase.java:365)
	at com.charter.Affiliates.Residential.nonAutomatedBuyFlow(Residential.java:156)
... Removed 25 stack frames]]>
    </failure>
  </testcase> <!-- nonAutomatedBuyFlow (https://shop.charter.com/buyflow/buyflow-localization?v=DGS) -->
  <testcase name="nonAutomatedBuyFlow (https://shop.charter.com/buyflow/buyflow-localization?v=LFO   )" time="200.844" classname="com.charter.Affiliates.Residential"/>
  <testcase name="nonAutomatedBuyFlow (https://shop.charter.com/buyflow/buyflow-localization?v=SVG )" time="203.951" classname="com.charter.Affiliates.Residential">
    <failure type="java.lang.Exception" message=" Stoping the script....!!!!">
      <![CDATA[java.lang.Exception:  Stoping the script....!!!!
	at com.charter.base.TestBase.input(TestBase.java:397)
	at com.charter.Affiliates.Residential.nonAutomatedBuyFlow(Residential.java:170)
... Removed 25 stack frames]]>
    </failure>
  </testcase> <!-- nonAutomatedBuyFlow (https://shop.charter.com/buyflow/buyflow-localization?v=SVG ) -->
</testsuite> <!-- Residential Affiliates -->
