<?xml version="1.0" encoding="UTF-8"?>
<!-- Generated by org.testng.reporters.JUnitXMLReporter -->
<testsuite hostname="XEN-1004" name="Business.spectrum.com" tests="3" failures="0" timestamp="29 Jul 2016 19:27:34 GMT" time="613.134" errors="0">
  <testcase name="nonAutomatedBuyFlow (IE)" time="186.881" classname="com.charter.suiteSpectrumBusiness.TestCase_SbNonAutomated"/>
  <testcase name="nonAutomatedBuyFlow (Chrome)" time="218.675" classname="com.charter.suiteSpectrumBusiness.TestCase_SbNonAutomated"/>
  <testcase name="nonAutomatedBuyFlow (Firefox)" time="207.15" classname="com.charter.suiteSpectrumBusiness.TestCase_SbNonAutomated"/>
</testsuite> <!-- Business.spectrum.com -->
