<?xml version="1.0" encoding="UTF-8"?>
<!-- Generated by org.testng.reporters.JUnitXMLReporter -->
<testsuite hostname="XEN-1004" name="ComNonAutomated" tests="1" failures="0" timestamp="11 Apr 2016 15:04:08 GMT" time="0.005" errors="0">
  <testcase name="@BeforeSuite checkSuiteSkip" time="0.0" classname="com.charter.suiteCharterCom.TestCase_ComNonAutomated">
    <skipped/>
  </testcase> <!-- @BeforeSuite checkSuiteSkip -->
  <testcase name="@BeforeTest checkTestSkip" time="0.0" classname="com.charter.suiteCharterCom.TestCase_ComNonAutomated">
    <skipped/>
  </testcase> <!-- @BeforeTest checkTestSkip -->
  <testcase name="@AfterMethod reportDataSetResult" time="0.0" classname="com.charter.suiteCharterCom.TestCase_ComNonAutomated">
    <skipped/>
  </testcase> <!-- @AfterMethod reportDataSetResult -->
  <testcase name="@AfterTest reportTestResult" time="0.0" classname="com.charter.suiteCharterCom.TestCase_ComNonAutomated">
    <skipped/>
  </testcase> <!-- @AfterTest reportTestResult -->
  <testcase name="testcaseComNonAutomated" time="0.001" classname="com.charter.suiteCharterCom.TestCase_ComNonAutomated">
    <skipped/>
  </testcase> <!-- testcaseComNonAutomated -->
</testsuite> <!-- ComNonAutomated -->
