<?xml version="1.0" encoding="UTF-8"?>
<!-- Generated by org.testng.reporters.JUnitXMLReporter -->
<testsuite hostname="XEN-1004" name="SpectrumServiceability" tests="1" failures="1" timestamp="14 Apr 2016 18:25:03 GMT" time="20.847" errors="0">
  <testcase name="testcaseLfoNonAutomated" time="20.724" classname="com.charter.suiteBusinessLP.TestCase_SpectrumServiceability">
    <failure type="java.lang.Exception" message=" Stoping the script....!!!!">
      <![CDATA[java.lang.Exception:  Stoping the script....!!!!
	at com.charter.base.TestBase.input(TestBase.java:372)
	at com.charter.suiteBusinessLP.TestCase_SpectrumServiceability.testcaseLfoNonAutomated(TestCase_SpectrumServiceability.java:69)
... Removed 25 stack frames]]>
    </failure>
  </testcase> <!-- testcaseLfoNonAutomated -->
</testsuite> <!-- SpectrumServiceability -->
