<?xml version="1.0" encoding="UTF-8"?>
<!-- Generated by org.testng.reporters.JUnitXMLReporter -->
<testsuite hostname="SC58VDIOF0080" name="Business" tests="10" failures="0" timestamp="27 Apr 2016 20:11:58 GMT" time="0.442" errors="0">
  <testcase name="@BeforeTest checkTestSkip" time="0.0" classname="com.charter.suiteCharterLfo.LfoNonAutomatedShop">
    <skipped/>
  </testcase> <!-- @BeforeTest checkTestSkip -->
  <testcase name="@AfterMethod reportDataSetResult" time="0.0" classname="com.charter.suiteCharterLfo.LfoNonAutomatedShop">
    <skipped/>
  </testcase> <!-- @AfterMethod reportDataSetResult -->
  <testcase name="@AfterMethod reportDataSetResult" time="0.0" classname="com.charter.suiteCharterLfo.LfoNonAutomatedShop">
    <skipped/>
  </testcase> <!-- @AfterMethod reportDataSetResult -->
  <testcase name="@AfterMethod reportDataSetResult" time="0.0" classname="com.charter.suiteCharterLfo.LfoNonAutomatedShop">
    <skipped/>
  </testcase> <!-- @AfterMethod reportDataSetResult -->
  <testcase name="@AfterMethod reportDataSetResult" time="0.0" classname="com.charter.suiteCharterLfo.LfoNonAutomatedShop">
    <skipped/>
  </testcase> <!-- @AfterMethod reportDataSetResult -->
  <testcase name="@AfterMethod reportDataSetResult" time="0.0" classname="com.charter.suiteCharterLfo.LfoNonAutomatedShop">
    <skipped/>
  </testcase> <!-- @AfterMethod reportDataSetResult -->
  <testcase name="@AfterMethod reportDataSetResult" time="0.0" classname="com.charter.suiteCharterLfo.LfoNonAutomatedShop">
    <skipped/>
  </testcase> <!-- @AfterMethod reportDataSetResult -->
  <testcase name="@AfterMethod reportDataSetResult" time="0.0" classname="com.charter.suiteCharterLfo.LfoNonAutomatedShop">
    <skipped/>
  </testcase> <!-- @AfterMethod reportDataSetResult -->
  <testcase name="@AfterMethod reportDataSetResult" time="0.0" classname="com.charter.suiteCharterLfo.LfoNonAutomatedShop">
    <skipped/>
  </testcase> <!-- @AfterMethod reportDataSetResult -->
  <testcase name="@AfterMethod reportDataSetResult" time="0.0" classname="com.charter.suiteCharterLfo.LfoNonAutomatedShop">
    <skipped/>
  </testcase> <!-- @AfterMethod reportDataSetResult -->
  <testcase name="@AfterMethod reportDataSetResult" time="0.0" classname="com.charter.suiteCharterLfo.LfoNonAutomatedShop">
    <skipped/>
  </testcase> <!-- @AfterMethod reportDataSetResult -->
  <testcase name="@AfterTest reportTestResult" time="0.0" classname="com.charter.suiteCharterLfo.LfoNonAutomatedShop">
    <skipped/>
  </testcase> <!-- @AfterTest reportTestResult -->
  <testcase name="nonAutomatedBuyFlow" time="0.006" classname="com.charter.suiteCharterLfo.LfoNonAutomatedShop">
    <skipped/>
  </testcase> <!-- nonAutomatedBuyFlow -->
  <testcase name="nonAutomatedBuyFlow" time="0.001" classname="com.charter.suiteCharterLfo.LfoNonAutomatedShop">
    <skipped/>
  </testcase> <!-- nonAutomatedBuyFlow -->
  <testcase name="nonAutomatedBuyFlow" time="0.026" classname="com.charter.suiteCharterLfo.LfoNonAutomatedShop">
    <skipped/>
  </testcase> <!-- nonAutomatedBuyFlow -->
  <testcase name="nonAutomatedBuyFlow" time="0.0" classname="com.charter.suiteCharterLfo.LfoNonAutomatedShop">
    <skipped/>
  </testcase> <!-- nonAutomatedBuyFlow -->
  <testcase name="nonAutomatedBuyFlow" time="0.008" classname="com.charter.suiteCharterLfo.LfoNonAutomatedShop">
    <skipped/>
  </testcase> <!-- nonAutomatedBuyFlow -->
  <testcase name="nonAutomatedBuyFlow" time="0.001" classname="com.charter.suiteCharterLfo.LfoNonAutomatedShop">
    <skipped/>
  </testcase> <!-- nonAutomatedBuyFlow -->
  <testcase name="nonAutomatedBuyFlow" time="0.0" classname="com.charter.suiteCharterLfo.LfoNonAutomatedShop">
    <skipped/>
  </testcase> <!-- nonAutomatedBuyFlow -->
  <testcase name="nonAutomatedBuyFlow" time="0.0" classname="com.charter.suiteCharterLfo.LfoNonAutomatedShop">
    <skipped/>
  </testcase> <!-- nonAutomatedBuyFlow -->
  <testcase name="nonAutomatedBuyFlow" time="0.001" classname="com.charter.suiteCharterLfo.LfoNonAutomatedShop">
    <skipped/>
  </testcase> <!-- nonAutomatedBuyFlow -->
  <testcase name="nonAutomatedBuyFlow" time="0.001" classname="com.charter.suiteCharterLfo.LfoNonAutomatedShop">
    <skipped/>
  </testcase> <!-- nonAutomatedBuyFlow -->
</testsuite> <!-- Business -->
