<?xml version="1.0" encoding="UTF-8"?>
<!-- Generated by org.testng.reporters.JUnitXMLReporter -->
<testsuite hostname="SC58VDIOF0080" name="Residential" tests="27" failures="0" timestamp="27 Apr 2016 20:11:58 GMT" time="0.549" errors="0">
  <testcase name="@AfterMethod reportDataSetResult" time="0.0" classname="com.charter.suiteCharterLfo.Residential">
    <failure type="java.lang.NullPointerException">
      <![CDATA[java.lang.NullPointerException
	at com.charter.suiteCharterLfo.Residential.reportDataSetResult(Residential.java:226)
... Removed 27 stack frames]]>
    </failure>
  </testcase> <!-- @AfterMethod reportDataSetResult -->
  <testcase name="@AfterMethod reportDataSetResult" time="0.0" classname="com.charter.suiteCharterLfo.Residential">
    <skipped/>
  </testcase> <!-- @AfterMethod reportDataSetResult -->
  <testcase name="@AfterMethod reportDataSetResult" time="0.0" classname="com.charter.suiteCharterLfo.Residential">
    <skipped/>
  </testcase> <!-- @AfterMethod reportDataSetResult -->
  <testcase name="@AfterMethod reportDataSetResult" time="0.0" classname="com.charter.suiteCharterLfo.Residential">
    <skipped/>
  </testcase> <!-- @AfterMethod reportDataSetResult -->
  <testcase name="@AfterMethod reportDataSetResult" time="0.0" classname="com.charter.suiteCharterLfo.Residential">
    <skipped/>
  </testcase> <!-- @AfterMethod reportDataSetResult -->
  <testcase name="@AfterMethod reportDataSetResult" time="0.0" classname="com.charter.suiteCharterLfo.Residential">
    <skipped/>
  </testcase> <!-- @AfterMethod reportDataSetResult -->
  <testcase name="@AfterMethod reportDataSetResult" time="0.0" classname="com.charter.suiteCharterLfo.Residential">
    <skipped/>
  </testcase> <!-- @AfterMethod reportDataSetResult -->
  <testcase name="@AfterMethod reportDataSetResult" time="0.0" classname="com.charter.suiteCharterLfo.Residential">
    <skipped/>
  </testcase> <!-- @AfterMethod reportDataSetResult -->
  <testcase name="@AfterMethod reportDataSetResult" time="0.0" classname="com.charter.suiteCharterLfo.Residential">
    <skipped/>
  </testcase> <!-- @AfterMethod reportDataSetResult -->
  <testcase name="@AfterMethod reportDataSetResult" time="0.0" classname="com.charter.suiteCharterLfo.Residential">
    <skipped/>
  </testcase> <!-- @AfterMethod reportDataSetResult -->
  <testcase name="@AfterMethod reportDataSetResult" time="0.0" classname="com.charter.suiteCharterLfo.Residential">
    <skipped/>
  </testcase> <!-- @AfterMethod reportDataSetResult -->
  <testcase name="@AfterMethod reportDataSetResult" time="0.0" classname="com.charter.suiteCharterLfo.Residential">
    <skipped/>
  </testcase> <!-- @AfterMethod reportDataSetResult -->
  <testcase name="@AfterMethod reportDataSetResult" time="0.0" classname="com.charter.suiteCharterLfo.Residential">
    <skipped/>
  </testcase> <!-- @AfterMethod reportDataSetResult -->
  <testcase name="@AfterMethod reportDataSetResult" time="0.0" classname="com.charter.suiteCharterLfo.Residential">
    <skipped/>
  </testcase> <!-- @AfterMethod reportDataSetResult -->
  <testcase name="@AfterMethod reportDataSetResult" time="0.0" classname="com.charter.suiteCharterLfo.Residential">
    <skipped/>
  </testcase> <!-- @AfterMethod reportDataSetResult -->
  <testcase name="@AfterMethod reportDataSetResult" time="0.0" classname="com.charter.suiteCharterLfo.Residential">
    <skipped/>
  </testcase> <!-- @AfterMethod reportDataSetResult -->
  <testcase name="@AfterMethod reportDataSetResult" time="0.0" classname="com.charter.suiteCharterLfo.Residential">
    <skipped/>
  </testcase> <!-- @AfterMethod reportDataSetResult -->
  <testcase name="@AfterMethod reportDataSetResult" time="0.0" classname="com.charter.suiteCharterLfo.Residential">
    <skipped/>
  </testcase> <!-- @AfterMethod reportDataSetResult -->
  <testcase name="@AfterMethod reportDataSetResult" time="0.0" classname="com.charter.suiteCharterLfo.Residential">
    <skipped/>
  </testcase> <!-- @AfterMethod reportDataSetResult -->
  <testcase name="@AfterMethod reportDataSetResult" time="0.0" classname="com.charter.suiteCharterLfo.Residential">
    <skipped/>
  </testcase> <!-- @AfterMethod reportDataSetResult -->
  <testcase name="@AfterMethod reportDataSetResult" time="0.0" classname="com.charter.suiteCharterLfo.Residential">
    <skipped/>
  </testcase> <!-- @AfterMethod reportDataSetResult -->
  <testcase name="@AfterMethod reportDataSetResult" time="0.0" classname="com.charter.suiteCharterLfo.Residential">
    <skipped/>
  </testcase> <!-- @AfterMethod reportDataSetResult -->
  <testcase name="@AfterMethod reportDataSetResult" time="0.0" classname="com.charter.suiteCharterLfo.Residential">
    <skipped/>
  </testcase> <!-- @AfterMethod reportDataSetResult -->
  <testcase name="@AfterMethod reportDataSetResult" time="0.0" classname="com.charter.suiteCharterLfo.Residential">
    <skipped/>
  </testcase> <!-- @AfterMethod reportDataSetResult -->
  <testcase name="@AfterMethod reportDataSetResult" time="0.0" classname="com.charter.suiteCharterLfo.Residential">
    <skipped/>
  </testcase> <!-- @AfterMethod reportDataSetResult -->
  <testcase name="@AfterMethod reportDataSetResult" time="0.0" classname="com.charter.suiteCharterLfo.Residential">
    <skipped/>
  </testcase> <!-- @AfterMethod reportDataSetResult -->
  <testcase name="@AfterMethod reportDataSetResult" time="0.0" classname="com.charter.suiteCharterLfo.Residential">
    <skipped/>
  </testcase> <!-- @AfterMethod reportDataSetResult -->
  <testcase name="@AfterTest reportTestResult" time="0.0" classname="com.charter.suiteCharterLfo.Residential">
    <skipped/>
  </testcase> <!-- @AfterTest reportTestResult -->
  <testcase name="nonAutomatedBuyFlow" time="0.005" classname="com.charter.suiteCharterLfo.Residential">
    <skipped/>
  </testcase> <!-- nonAutomatedBuyFlow -->
  <testcase name="nonAutomatedBuyFlow" time="0.0" classname="com.charter.suiteCharterLfo.Residential">
    <skipped/>
  </testcase> <!-- nonAutomatedBuyFlow -->
  <testcase name="nonAutomatedBuyFlow" time="0.001" classname="com.charter.suiteCharterLfo.Residential">
    <skipped/>
  </testcase> <!-- nonAutomatedBuyFlow -->
  <testcase name="nonAutomatedBuyFlow" time="0.026" classname="com.charter.suiteCharterLfo.Residential">
    <skipped/>
  </testcase> <!-- nonAutomatedBuyFlow -->
  <testcase name="nonAutomatedBuyFlow" time="0.001" classname="com.charter.suiteCharterLfo.Residential">
    <skipped/>
  </testcase> <!-- nonAutomatedBuyFlow -->
  <testcase name="nonAutomatedBuyFlow" time="0.003" classname="com.charter.suiteCharterLfo.Residential">
    <skipped/>
  </testcase> <!-- nonAutomatedBuyFlow -->
  <testcase name="nonAutomatedBuyFlow" time="0.001" classname="com.charter.suiteCharterLfo.Residential">
    <skipped/>
  </testcase> <!-- nonAutomatedBuyFlow -->
  <testcase name="nonAutomatedBuyFlow" time="0.002" classname="com.charter.suiteCharterLfo.Residential">
    <skipped/>
  </testcase> <!-- nonAutomatedBuyFlow -->
  <testcase name="nonAutomatedBuyFlow" time="0.001" classname="com.charter.suiteCharterLfo.Residential">
    <skipped/>
  </testcase> <!-- nonAutomatedBuyFlow -->
  <testcase name="nonAutomatedBuyFlow" time="0.0" classname="com.charter.suiteCharterLfo.Residential">
    <skipped/>
  </testcase> <!-- nonAutomatedBuyFlow -->
  <testcase name="nonAutomatedBuyFlow" time="0.001" classname="com.charter.suiteCharterLfo.Residential">
    <skipped/>
  </testcase> <!-- nonAutomatedBuyFlow -->
  <testcase name="nonAutomatedBuyFlow" time="0.001" classname="com.charter.suiteCharterLfo.Residential">
    <skipped/>
  </testcase> <!-- nonAutomatedBuyFlow -->
  <testcase name="nonAutomatedBuyFlow" time="0.0" classname="com.charter.suiteCharterLfo.Residential">
    <skipped/>
  </testcase> <!-- nonAutomatedBuyFlow -->
  <testcase name="nonAutomatedBuyFlow" time="0.0" classname="com.charter.suiteCharterLfo.Residential">
    <skipped/>
  </testcase> <!-- nonAutomatedBuyFlow -->
  <testcase name="nonAutomatedBuyFlow" time="0.0" classname="com.charter.suiteCharterLfo.Residential">
    <skipped/>
  </testcase> <!-- nonAutomatedBuyFlow -->
  <testcase name="nonAutomatedBuyFlow" time="0.001" classname="com.charter.suiteCharterLfo.Residential">
    <skipped/>
  </testcase> <!-- nonAutomatedBuyFlow -->
  <testcase name="nonAutomatedBuyFlow" time="0.001" classname="com.charter.suiteCharterLfo.Residential">
    <skipped/>
  </testcase> <!-- nonAutomatedBuyFlow -->
  <testcase name="nonAutomatedBuyFlow" time="0.0" classname="com.charter.suiteCharterLfo.Residential">
    <skipped/>
  </testcase> <!-- nonAutomatedBuyFlow -->
  <testcase name="nonAutomatedBuyFlow" time="0.001" classname="com.charter.suiteCharterLfo.Residential">
    <skipped/>
  </testcase> <!-- nonAutomatedBuyFlow -->
  <testcase name="nonAutomatedBuyFlow" time="0.001" classname="com.charter.suiteCharterLfo.Residential">
    <skipped/>
  </testcase> <!-- nonAutomatedBuyFlow -->
  <testcase name="nonAutomatedBuyFlow" time="0.001" classname="com.charter.suiteCharterLfo.Residential">
    <skipped/>
  </testcase> <!-- nonAutomatedBuyFlow -->
  <testcase name="nonAutomatedBuyFlow" time="0.001" classname="com.charter.suiteCharterLfo.Residential">
    <skipped/>
  </testcase> <!-- nonAutomatedBuyFlow -->
  <testcase name="nonAutomatedBuyFlow" time="0.001" classname="com.charter.suiteCharterLfo.Residential">
    <skipped/>
  </testcase> <!-- nonAutomatedBuyFlow -->
  <testcase name="nonAutomatedBuyFlow" time="0.0" classname="com.charter.suiteCharterLfo.Residential">
    <skipped/>
  </testcase> <!-- nonAutomatedBuyFlow -->
  <testcase name="nonAutomatedBuyFlow" time="0.001" classname="com.charter.suiteCharterLfo.Residential">
    <skipped/>
  </testcase> <!-- nonAutomatedBuyFlow -->
  <testcase name="nonAutomatedBuyFlow" time="0.001" classname="com.charter.suiteCharterLfo.Residential">
    <skipped/>
  </testcase> <!-- nonAutomatedBuyFlow -->
  <testcase name="nonAutomatedBuyFlow" time="0.001" classname="com.charter.suiteCharterLfo.Residential">
    <skipped/>
  </testcase> <!-- nonAutomatedBuyFlow -->
</testsuite> <!-- Residential -->
