<?xml version="1.0" encoding="UTF-8"?>
<!-- Generated by org.testng.reporters.JUnitXMLReporter -->
<testsuite hostname="XEN-525" name="Test SbNonAutomated" tests="3" failures="0" timestamp="14 Jan 2016 11:55:36 GMT" time="0.0" errors="0">
  <testcase name="@BeforeSuite checkSuiteSkip" time="0.0" classname="com.charter.suiteSpectrumBusiness.TestCase_SbNonAutomated">
    <skipped/>
  </testcase> <!-- @BeforeSuite checkSuiteSkip -->
  <testcase name="@BeforeTest checkTestSkip" time="0.0" classname="com.charter.suiteSpectrumBusiness.TestCase_SbNonAutomated">
    <skipped/>
  </testcase> <!-- @BeforeTest checkTestSkip -->
  <testcase name="@AfterMethod reportDataSetResult" time="0.0" classname="com.charter.suiteSpectrumBusiness.TestCase_SbNonAutomated">
    <skipped/>
  </testcase> <!-- @AfterMethod reportDataSetResult -->
  <testcase name="@AfterMethod reportDataSetResult" time="0.0" classname="com.charter.suiteSpectrumBusiness.TestCase_SbNonAutomated">
    <skipped/>
  </testcase> <!-- @AfterMethod reportDataSetResult -->
  <testcase name="@AfterMethod reportDataSetResult" time="0.0" classname="com.charter.suiteSpectrumBusiness.TestCase_SbNonAutomated">
    <skipped/>
  </testcase> <!-- @AfterMethod reportDataSetResult -->
  <testcase name="@AfterTest reportTestResult" time="0.0" classname="com.charter.suiteSpectrumBusiness.TestCase_SbNonAutomated">
    <skipped/>
  </testcase> <!-- @AfterTest reportTestResult -->
  <testcase name="testcaseSbNonAutomated" time="0.0" classname="com.charter.suiteSpectrumBusiness.TestCase_SbNonAutomated">
    <skipped/>
  </testcase> <!-- testcaseSbNonAutomated -->
  <testcase name="testcaseSbNonAutomated" time="0.0" classname="com.charter.suiteSpectrumBusiness.TestCase_SbNonAutomated">
    <skipped/>
  </testcase> <!-- testcaseSbNonAutomated -->
  <testcase name="testcaseSbNonAutomated" time="0.0" classname="com.charter.suiteSpectrumBusiness.TestCase_SbNonAutomated">
    <skipped/>
  </testcase> <!-- testcaseSbNonAutomated -->
</testsuite> <!-- Test SbNonAutomated -->
