<?xml version="1.0" encoding="UTF-8"?>
<!-- Generated by org.testng.reporters.JUnitXMLReporter -->
<testsuite hostname="XEN-1004" name="BaeNonAutomated" tests="2" failures="0" timestamp="11 Apr 2016 15:04:08 GMT" time="0.182" errors="0">
  <testcase name="@BeforeSuite checkSuiteSkip" time="0.0" classname="com.charter.suiteBae.TestCase_BaeNonAutomated">
    <skipped/>
  </testcase> <!-- @BeforeSuite checkSuiteSkip -->
  <testcase name="@BeforeTest checkTestSkip" time="0.0" classname="com.charter.suiteBae.TestCase_BaeNonAutomated">
    <skipped/>
  </testcase> <!-- @BeforeTest checkTestSkip -->
  <testcase name="@AfterMethod reportDataSetResult" time="0.0" classname="com.charter.suiteBae.TestCase_BaeNonAutomated">
    <skipped/>
  </testcase> <!-- @AfterMethod reportDataSetResult -->
  <testcase name="@AfterMethod reportDataSetResult" time="0.0" classname="com.charter.suiteBae.TestCase_BaeNonAutomated">
    <skipped/>
  </testcase> <!-- @AfterMethod reportDataSetResult -->
  <testcase name="@AfterTest reportTestResult" time="0.0" classname="com.charter.suiteBae.TestCase_BaeNonAutomated">
    <skipped/>
  </testcase> <!-- @AfterTest reportTestResult -->
  <testcase name="testcaseBaeNonAutomated" time="0.001" classname="com.charter.suiteBae.TestCase_BaeNonAutomated">
    <skipped/>
  </testcase> <!-- testcaseBaeNonAutomated -->
  <testcase name="testcaseBaeNonAutomated" time="0.001" classname="com.charter.suiteBae.TestCase_BaeNonAutomated">
    <skipped/>
  </testcase> <!-- testcaseBaeNonAutomated -->
</testsuite> <!-- BaeNonAutomated -->
