<?xml version="1.0" encoding="UTF-8"?>
<!-- Generated by org.testng.reporters.JUnitXMLReporter -->
<testsuite hostname="XEN-525" name="DirectSalesNonAutomated" tests="4" failures="0" timestamp="14 Jan 2016 11:59:53 GMT" time="14.978" errors="0">
  <testcase name="testcaseDirectSaleNonAutomated" time="14.588" classname="com.charter.suiteDirectSales.TestCase_DirectSaleNonAutomated"/>
  <testcase name="testcaseDirectSaleNonAutomated" time="0.0" classname="com.charter.suiteDirectSales.TestCase_DirectSaleNonAutomated">
    <skipped/>
  </testcase> <!-- testcaseDirectSaleNonAutomated -->
  <testcase name="testcaseDirectSaleNonAutomated" time="0.0" classname="com.charter.suiteDirectSales.TestCase_DirectSaleNonAutomated">
    <skipped/>
  </testcase> <!-- testcaseDirectSaleNonAutomated -->
  <testcase name="testcaseDirectSaleNonAutomated" time="0.0" classname="com.charter.suiteDirectSales.TestCase_DirectSaleNonAutomated">
    <skipped/>
  </testcase> <!-- testcaseDirectSaleNonAutomated -->
</testsuite> <!-- DirectSalesNonAutomated -->
