<?xml version="1.0" encoding="UTF-8"?>
<!-- Generated by org.testng.reporters.JUnitXMLReporter -->
<testsuite hostname="XEN-525" name="TestCase_DirectSalesNonAutomated" tests="4" failures="0" timestamp="14 Jan 2016 11:55:58 GMT" time="21.249" errors="0">
  <testcase name="testcaseDirectSaleNonAutomated" time="20.875" classname="com.charter.suiteDirectSales.TestCase_DirectSaleNonAutomated"/>
  <testcase name="testcaseDirectSaleNonAutomated" time="0.0" classname="com.charter.suiteDirectSales.TestCase_DirectSaleNonAutomated">
    <skipped/>
  </testcase> <!-- testcaseDirectSaleNonAutomated -->
  <testcase name="testcaseDirectSaleNonAutomated" time="0.0" classname="com.charter.suiteDirectSales.TestCase_DirectSaleNonAutomated">
    <skipped/>
  </testcase> <!-- testcaseDirectSaleNonAutomated -->
  <testcase name="testcaseDirectSaleNonAutomated" time="0.0" classname="com.charter.suiteDirectSales.TestCase_DirectSaleNonAutomated">
    <skipped/>
  </testcase> <!-- testcaseDirectSaleNonAutomated -->
</testsuite> <!-- TestCase_DirectSalesNonAutomated -->
