<?xml version="1.0" encoding="UTF-8"?>
<!-- Generated by org.testng.reporters.JUnitXMLReporter -->
<testsuite hostname="XEN-525" name="Test DirectSalesNonAutomated" tests="4" failures="0" timestamp="14 Jan 2016 11:00:25 GMT" time="0.031" errors="0">
  <testcase name="@BeforeSuite checkSuiteSkip" time="0.0" classname="com.charter.suiteDirectSales.DirectSalesNonAutomated">
    <skipped/>
  </testcase> <!-- @BeforeSuite checkSuiteSkip -->
  <testcase name="@BeforeTest checkTestSkip" time="0.0" classname="com.charter.suiteDirectSales.DirectSalesNonAutomated">
    <skipped/>
  </testcase> <!-- @BeforeTest checkTestSkip -->
  <testcase name="@AfterMethod reportDataSetResult" time="0.0" classname="com.charter.suiteDirectSales.DirectSalesNonAutomated">
    <skipped/>
  </testcase> <!-- @AfterMethod reportDataSetResult -->
  <testcase name="@AfterMethod reportDataSetResult" time="0.0" classname="com.charter.suiteDirectSales.DirectSalesNonAutomated">
    <skipped/>
  </testcase> <!-- @AfterMethod reportDataSetResult -->
  <testcase name="@AfterMethod reportDataSetResult" time="0.0" classname="com.charter.suiteDirectSales.DirectSalesNonAutomated">
    <skipped/>
  </testcase> <!-- @AfterMethod reportDataSetResult -->
  <testcase name="@AfterMethod reportDataSetResult" time="0.0" classname="com.charter.suiteDirectSales.DirectSalesNonAutomated">
    <skipped/>
  </testcase> <!-- @AfterMethod reportDataSetResult -->
  <testcase name="@AfterTest reportTestResult" time="0.0" classname="com.charter.suiteDirectSales.DirectSalesNonAutomated">
    <skipped/>
  </testcase> <!-- @AfterTest reportTestResult -->
  <testcase name="testcaseDirectSalesNonAutomated" time="0.016" classname="com.charter.suiteDirectSales.DirectSalesNonAutomated">
    <skipped/>
  </testcase> <!-- testcaseDirectSalesNonAutomated -->
  <testcase name="testcaseDirectSalesNonAutomated" time="0.0" classname="com.charter.suiteDirectSales.DirectSalesNonAutomated">
    <skipped/>
  </testcase> <!-- testcaseDirectSalesNonAutomated -->
  <testcase name="testcaseDirectSalesNonAutomated" time="0.0" classname="com.charter.suiteDirectSales.DirectSalesNonAutomated">
    <skipped/>
  </testcase> <!-- testcaseDirectSalesNonAutomated -->
  <testcase name="testcaseDirectSalesNonAutomated" time="0.0" classname="com.charter.suiteDirectSales.DirectSalesNonAutomated">
    <skipped/>
  </testcase> <!-- testcaseDirectSalesNonAutomated -->
</testsuite> <!-- Test DirectSalesNonAutomated -->
